<?xml version="1.0" encoding="utf-8"?><testsuites name="pytest tests"><testsuite name="pytest" errors="0" failures="0" skipped="0" tests="16" time="2.886" timestamp="2026-02-27T17:34:33.766232+00:00" hostname="agent-env-275adddc-4fe6-4a2d-a2ab-f45b1f6d64c1"><testcase classname="backend.tests.test_electrophysiology_api.TestAPIRoot" name="test_api_root_returns_message" time="0.122" /><testcase classname="backend.tests.test_electrophysiology_api.TestComputeMetrics" name="test_compute_metrics_default_filter" time="0.219" /><testcase classname="backend.tests.test_electrophysiology_api.TestComputeMetrics" name="test_compute_metrics_custom_filter_strict" time="0.095" /><testcase classname="backend.tests.test_electrophysiology_api.TestComputeMetrics" name="test_compute_metrics_custom_filter_loose" time="0.113" /><testcase classname="backend.tests.test_electrophysiology_api.TestComputeMetrics" name="test_compute_metrics_too_few_beats" time="0.105" /><testcase classname="backend.tests.test_electrophysiology_api.TestHRVAnalysis" name="test_hrv_analysis_with_baseline_params" time="0.082" /><testcase classname="backend.tests.test_electrophysiology_api.TestHRVAnalysis" name="test_hrv_analysis_default_baseline" time="0.092" /><testcase classname="backend.tests.test_electrophysiology_api.TestHRVAnalysis" name="test_hrv_analysis_too_few_beats" time="0.091" /><testcase classname="backend.tests.test_electrophysiology_api.TestLightResponse" name="test_light_response_returns_new_metrics" time="0.147" /><testcase classname="backend.tests.test_electrophysiology_api.TestLightDetect" name="test_light_detect_basic" time="0.111" /><testcase classname="backend.tests.test_electrophysiology_api.TestLightDetect" name="test_light_detect_uniform_interval" time="0.086" /><testcase classname="backend.tests.test_electrophysiology_api.TestLightHRV" name="test_light_hrv_computation" time="0.101" /><testcase classname="backend.tests.test_electrophysiology_api.TestPerMinuteMetrics" name="test_per_minute_metrics" time="0.129" /><testcase classname="backend.tests.test_electrophysiology_api.TestExports" name="test_export_csv" time="0.082" /><testcase classname="backend.tests.test_electrophysiology_api.TestExports" name="test_export_xlsx" time="0.273" /><testcase classname="backend.tests.test_electrophysiology_api.TestExports" name="test_export_pdf" time="0.880" /></testsuite></testsuites>