<?xml version="1.0" encoding="utf-8"?><testsuites name="pytest tests"><testsuite name="pytest" errors="0" failures="0" skipped="0" tests="18" time="10.593" timestamp="2026-03-06T17:51:34.504966+00:00" hostname="agent-env-275adddc-4fe6-4a2d-a2ab-f45b1f6d64c1"><testcase classname="backend.tests.test_pdf_multi_drug_export.TestPDFExportAPIEndpoint" name="test_pdf_export_endpoint_accepts_multi_drug_request" time="0.760" /><testcase classname="backend.tests.test_pdf_multi_drug_export.TestPDFExportAPIEndpoint" name="test_pdf_export_generates_valid_pdf_size" time="0.634" /><testcase classname="backend.tests.test_pdf_multi_drug_export.TestMultiDrugReadoutSections" name="test_pdf_export_with_two_enabled_drugs" time="0.590" /><testcase classname="backend.tests.test_pdf_multi_drug_export.TestMultiDrugReadoutSections" name="test_pdf_export_with_one_disabled_drug" time="0.716" /><testcase classname="backend.tests.test_pdf_multi_drug_export.TestMultiDrugReadoutSections" name="test_pdf_export_with_all_drugs_disabled" time="0.733" /><testcase classname="backend.tests.test_pdf_multi_drug_export.TestMeanBFCalculation" name="test_pdf_export_with_different_bf_readout_minutes" time="0.711" /><testcase classname="backend.tests.test_pdf_multi_drug_export.TestMeanBFCalculation" name="test_pdf_export_bf_from_different_sources" time="0.839" /><testcase classname="backend.tests.test_pdf_multi_drug_export.TestTableHighlighting" name="test_pdf_export_bf_table_includes_drug_windows" time="0.659" /><testcase classname="backend.tests.test_pdf_multi_drug_export.TestTableHighlighting" name="test_pdf_export_hrv_table_includes_drug_minutes" time="0.671" /><testcase classname="backend.tests.test_pdf_multi_drug_export.TestTableHighlighting" name="test_pdf_export_with_baseline_and_drug_highlights" time="0.757" /><testcase classname="backend.tests.test_pdf_multi_drug_export.TestEdgeCases" name="test_pdf_export_empty_hrv_windows" time="0.400" /><testcase classname="backend.tests.test_pdf_multi_drug_export.TestEdgeCases" name="test_pdf_export_no_per_minute_data" time="0.450" /><testcase classname="backend.tests.test_pdf_multi_drug_export.TestEdgeCases" name="test_pdf_export_drug_readout_minute_out_of_range" time="0.683" /><testcase classname="backend.tests.test_pdf_multi_drug_export.TestEdgeCases" name="test_pdf_export_missing_per_drug_settings" time="0.563" /><testcase classname="backend.tests.test_pdf_multi_drug_export.TestEdgeCases" name="test_pdf_export_drug_name_key_matching" time="0.635" /><testcase classname="backend.tests.test_pdf_multi_drug_export.TestDataIntegrity" name="test_pdf_export_per_drug_bf_minute_calculation" time="0.000" /><testcase classname="backend.tests.test_pdf_multi_drug_export.TestDataIntegrity" name="test_pdf_export_per_drug_hrv_minute_calculation" time="0.000" /><testcase classname="backend.tests.test_pdf_multi_drug_export.TestAPIResponseHeaders" name="test_pdf_export_content_disposition_header" time="0.711" /></testsuite></testsuites>