<?xml version="1.0" encoding="utf-8"?><testsuites name="pytest tests"><testsuite name="pytest" errors="0" failures="0" skipped="0" tests="23" time="14.550" timestamp="2026-03-06T18:09:35.353626+00:00" hostname="agent-env-275adddc-4fe6-4a2d-a2ab-f45b1f6d64c1"><testcase classname="tests.test_pdf_per_drug_colors.TestDrugColorsDefinition" name="test_drug_colors_array_exists" time="0.051" /><testcase classname="tests.test_pdf_per_drug_colors.TestDrugColorsDefinition" name="test_drug_colors_have_required_keys" time="0.000" /><testcase classname="tests.test_pdf_per_drug_colors.TestDrugColorsDefinition" name="test_drug_colors_expected_tints" time="0.000" /><testcase classname="tests.test_pdf_per_drug_colors.TestDrugColorsDefinition" name="test_drug_colors_expected_solids" time="0.000" /><testcase classname="tests.test_pdf_per_drug_colors.TestDrugColorsDefinition" name="test_drug_color_index_wraparound" time="0.000" /><testcase classname="tests.test_pdf_per_drug_colors.TestPDFExportTwoDrugColors" name="test_pdf_export_accepts_two_drug_request" time="0.947" /><testcase classname="tests.test_pdf_per_drug_colors.TestPDFExportTwoDrugColors" name="test_pdf_export_generates_multi_page_pdf" time="0.611" /><testcase classname="tests.test_pdf_per_drug_colors.TestDecimalMinuteSupport" name="test_decimal_hrv_readout_minute_accepted" time="0.564" /><testcase classname="tests.test_pdf_per_drug_colors.TestDecimalMinuteSupport" name="test_decimal_bf_readout_minute_accepted" time="0.629" /><testcase classname="tests.test_pdf_per_drug_colors.TestDecimalMinuteSupport" name="test_various_decimal_values" time="3.704" /><testcase classname="tests.test_pdf_per_drug_colors.TestDecimalMinuteSupport" name="test_decimal_minute_floor_calculation" time="0.628" /><testcase classname="tests.test_pdf_per_drug_colors.TestPDFExportFourDrugColors" name="test_pdf_export_with_four_drugs" time="0.590" /><testcase classname="tests.test_pdf_per_drug_colors.TestPDFExportFourDrugColors" name="test_pdf_export_with_five_drugs_color_wraparound" time="0.686" /><testcase classname="tests.test_pdf_per_drug_colors.TestDrugPerfusionSectionColors" name="test_drug_perfusion_two_drugs_generates_pdf" time="0.553" /><testcase classname="tests.test_pdf_per_drug_colors.TestDrugReadoutSectionColors" name="test_drug_readout_section_generates_correctly" time="0.557" /><testcase classname="tests.test_pdf_per_drug_colors.TestBFEvolutionChart" name="test_bf_evolution_chart_generates_with_drugs" time="0.643" /><testcase classname="tests.test_pdf_per_drug_colors.TestBFEvolutionChart" name="test_bf_evolution_without_per_beat_data" time="0.554" /><testcase classname="tests.test_pdf_per_drug_colors.TestTablePerDrugHighlighting" name="test_bf_table_with_two_drug_highlights" time="0.636" /><testcase classname="tests.test_pdf_per_drug_colors.TestTablePerDrugHighlighting" name="test_hrv_table_with_two_drug_highlights" time="0.564" /><testcase classname="tests.test_pdf_per_drug_colors.TestTablePerDrugHighlighting" name="test_tables_with_four_drug_highlights" time="0.586" /><testcase classname="tests.test_pdf_per_drug_colors.TestPerDrugColorEdgeCases" name="test_single_drug_uses_first_color" time="0.665" /><testcase classname="tests.test_pdf_per_drug_colors.TestPerDrugColorEdgeCases" name="test_disabled_drug_not_colored" time="0.582" /><testcase classname="tests.test_pdf_per_drug_colors.TestPerDrugColorEdgeCases" name="test_empty_drug_list" time="0.723" /></testsuite></testsuites>