<?xml version="1.0" encoding="utf-8"?><testsuites name="pytest tests"><testsuite name="pytest" errors="0" failures="0" skipped="0" tests="4" time="1.746" timestamp="2026-03-09T21:17:21.509741+00:00" hostname="agent-env-275adddc-4fe6-4a2d-a2ab-f45b1f6d64c1"><testcase classname="tests.test_amp_pct_export.TestAmpPctExport" name="test_excel_export_has_amp_pct_column" time="0.286" /><testcase classname="tests.test_amp_pct_export.TestAmpPctExport" name="test_excel_export_summary_has_amp_norm" time="0.408" /><testcase classname="tests.test_amp_pct_export.TestAmpPctExport" name="test_pdf_export_status" time="0.759" /><testcase classname="tests.test_amp_pct_export.TestComparisonDataAmpPct" name="test_comparison_data_structure" time="0.115" /></testsuite></testsuites>