<?xml version="1.0" encoding="utf-8"?><testsuites name="pytest tests"><testsuite name="pytest" errors="0" failures="0" skipped="0" tests="14" time="1.769" timestamp="2026-03-06T18:29:21.558540+00:00" hostname="agent-env-275adddc-4fe6-4a2d-a2ab-f45b1f6d64c1"><testcase classname="backend.tests.test_excel_spontaneous_sheets_highlighting.TestExcelSpontaneousBFSheetHighlighting" name="test_bf_sheet_exists" time="0.147" /><testcase classname="backend.tests.test_excel_spontaneous_sheets_highlighting.TestExcelSpontaneousBFSheetHighlighting" name="test_bf_sheet_baseline_row_highlighted" time="0.098" /><testcase classname="backend.tests.test_excel_spontaneous_sheets_highlighting.TestExcelSpontaneousBFSheetHighlighting" name="test_bf_sheet_drug1_row_highlighted" time="0.105" /><testcase classname="backend.tests.test_excel_spontaneous_sheets_highlighting.TestExcelSpontaneousBFSheetHighlighting" name="test_bf_sheet_drug2_row_highlighted" time="0.116" /><testcase classname="backend.tests.test_excel_spontaneous_sheets_highlighting.TestExcelSpontaneousBFSheetHighlighting" name="test_bf_sheet_drugs_have_different_colors" time="0.099" /><testcase classname="backend.tests.test_excel_spontaneous_sheets_highlighting.TestExcelSpontaneousHRVSheetHighlighting" name="test_hrv_sheet_exists" time="0.096" /><testcase classname="backend.tests.test_excel_spontaneous_sheets_highlighting.TestExcelSpontaneousHRVSheetHighlighting" name="test_hrv_sheet_baseline_row_highlighted" time="0.102" /><testcase classname="backend.tests.test_excel_spontaneous_sheets_highlighting.TestExcelSpontaneousHRVSheetHighlighting" name="test_hrv_sheet_drug1_row_highlighted" time="0.098" /><testcase classname="backend.tests.test_excel_spontaneous_sheets_highlighting.TestExcelSpontaneousHRVSheetHighlighting" name="test_hrv_sheet_drug2_row_highlighted" time="0.143" /><testcase classname="backend.tests.test_excel_spontaneous_sheets_highlighting.TestExcelSpontaneousHRVSheetHighlighting" name="test_hrv_sheet_drugs_have_different_colors" time="0.150" /><testcase classname="backend.tests.test_excel_spontaneous_sheets_highlighting.TestExcelAllColumnsHighlighted" name="test_bf_sheet_all_columns_highlighted" time="0.105" /><testcase classname="backend.tests.test_excel_spontaneous_sheets_highlighting.TestExcelAllColumnsHighlighted" name="test_hrv_sheet_all_columns_highlighted" time="0.102" /><testcase classname="backend.tests.test_excel_spontaneous_sheets_highlighting.TestNonHighlightedRowsNoFill" name="test_bf_sheet_normal_row_no_highlight" time="0.103" /><testcase classname="backend.tests.test_excel_spontaneous_sheets_highlighting.TestDisabledDrugNotHighlighted" name="test_disabled_drug_not_highlighted" time="0.098" /></testsuite></testsuites>