<?xml version="1.0" encoding="utf-8"?><testsuites name="pytest tests"><testsuite name="pytest" errors="0" failures="0" skipped="0" tests="37" time="5.222" timestamp="2026-02-27T23:46:02.713014+00:00" hostname="agent-env-275adddc-4fe6-4a2d-a2ab-f45b1f6d64c1"><testcase classname="backend.tests.test_electrophysiology_api.TestAPIRoot" name="test_api_root_returns_message" time="0.113" /><testcase classname="backend.tests.test_electrophysiology_api.TestComputeMetrics" name="test_compute_metrics_default_filter" time="0.073" /><testcase classname="backend.tests.test_electrophysiology_api.TestComputeMetrics" name="test_compute_metrics_custom_filter_strict" time="0.082" /><testcase classname="backend.tests.test_electrophysiology_api.TestComputeMetrics" name="test_compute_metrics_custom_filter_loose" time="0.098" /><testcase classname="backend.tests.test_electrophysiology_api.TestComputeMetrics" name="test_compute_metrics_too_few_beats" time="0.081" /><testcase classname="backend.tests.test_electrophysiology_api.TestHRVAnalysis" name="test_hrv_analysis_with_baseline_params" time="0.080" /><testcase classname="backend.tests.test_electrophysiology_api.TestHRVAnalysis" name="test_hrv_analysis_default_baseline" time="0.086" /><testcase classname="backend.tests.test_electrophysiology_api.TestHRVAnalysis" name="test_hrv_analysis_too_few_beats" time="0.075" /><testcase classname="backend.tests.test_electrophysiology_api.TestLightResponse" name="test_light_response_returns_new_metrics" time="0.191" /><testcase classname="backend.tests.test_electrophysiology_api.TestLightDetect" name="test_light_detect_basic" time="0.084" /><testcase classname="backend.tests.test_electrophysiology_api.TestLightDetect" name="test_light_detect_uniform_interval" time="0.089" /><testcase classname="backend.tests.test_electrophysiology_api.TestLightHRV" name="test_light_hrv_computation" time="0.069" /><testcase classname="backend.tests.test_electrophysiology_api.TestPerMinuteMetrics" name="test_per_minute_metrics" time="0.091" /><testcase classname="backend.tests.test_electrophysiology_api.TestExports" name="test_export_csv" time="0.088" /><testcase classname="backend.tests.test_electrophysiology_api.TestExports" name="test_export_xlsx" time="0.092" /><testcase classname="backend.tests.test_electrophysiology_api.TestExports" name="test_export_pdf" time="0.282" /><testcase classname="backend.tests.test_iteration7_features.TestAPIRoot" name="test_api_root" time="0.080" /><testcase classname="backend.tests.test_iteration7_features.TestExportPDFCellStyle" name="test_pdf_export_with_baseline" time="0.536" /><testcase classname="backend.tests.test_iteration7_features.TestExportPDFCellStyle" name="test_pdf_export_excludes_filtered_beats" time="0.313" /><testcase classname="backend.tests.test_iteration7_features.TestExportPDFCellStyle" name="test_pdf_export_with_light_metrics" time="0.344" /><testcase classname="backend.tests.test_iteration7_features.TestExportXLSXCellStyle" name="test_xlsx_export_with_drug_used" time="0.087" /><testcase classname="backend.tests.test_iteration7_features.TestExportXLSXCellStyle" name="test_xlsx_export_with_per_minute_data" time="0.105" /><testcase classname="backend.tests.test_iteration7_features.TestComputeMetricsFilterOutput" name="test_compute_metrics_returns_artifact_mask" time="0.087" /><testcase classname="backend.tests.test_iteration7_features.TestHRVBaseline" name="test_hrv_baseline_contains_all_metrics" time="0.086" /><testcase classname="backend.tests.test_iteration7_features.TestLightResponseMetrics" name="test_light_response_per_stim_fields" time="0.081" /><testcase classname="backend.tests.test_iteration7_features.TestLightDetectPulseGeneration" name="test_decreasing_intervals" time="0.081" /><testcase classname="backend.tests.test_iteration8_features.TestBaselineMetrics" name="test_baseline_hrv_uses_0_3_min_window" time="0.106" /><testcase classname="backend.tests.test_iteration8_features.TestBaselineMetrics" name="test_baseline_bf_uses_1_2_min_window" time="0.083" /><testcase classname="backend.tests.test_iteration8_features.TestBaselineMetrics" name="test_custom_baseline_windows_accepted" time="0.089" /><testcase classname="backend.tests.test_iteration8_features.TestPDFExportWithLightPulses" name="test_pdf_export_accepts_light_pulses_field" time="0.272" /><testcase classname="backend.tests.test_iteration8_features.TestPDFExportWithLightPulses" name="test_pdf_export_handles_empty_light_pulses" time="0.525" /><testcase classname="backend.tests.test_iteration8_features.TestXLSXExportWithLightPulses" name="test_xlsx_export_accepts_light_pulses_field" time="0.092" /><testcase classname="backend.tests.test_iteration8_features.TestPerMinuteTableAlignment" name="test_per_minute_bf_at_minute_1_matches_baseline" time="0.157" /><testcase classname="backend.tests.test_iteration8_features.TestHRVAnalysisWorkflow" name="test_hrv_returns_rolling_3min_windows" time="0.084" /><testcase classname="backend.tests.test_iteration8_features.TestHRVAnalysisWorkflow" name="test_compute_metrics_artifact_filter_uses_5_beat_window" time="0.087" /><testcase classname="backend.tests.test_iteration8_features.TestLightDetectAPI" name="test_light_detect_decreasing_intervals" time="0.081" /><testcase classname="backend.tests.test_iteration8_features.TestLightDetectAPI" name="test_light_pulses_have_min_sec_formats" time="0.104" /></testsuite></testsuites>