<?xml version="1.0" encoding="utf-8"?><testsuites name="pytest tests"><testsuite name="pytest" errors="0" failures="0" skipped="0" tests="68" time="15.005" timestamp="2026-03-01T21:03:07.588504+00:00" hostname="agent-env-275adddc-4fe6-4a2d-a2ab-f45b1f6d64c1"><testcase classname="backend.tests.test_electrophysiology_api.TestAPIRoot" name="test_api_root_returns_message" time="0.114" /><testcase classname="backend.tests.test_electrophysiology_api.TestComputeMetrics" name="test_compute_metrics_default_filter" time="0.088" /><testcase classname="backend.tests.test_electrophysiology_api.TestComputeMetrics" name="test_compute_metrics_custom_filter_strict" time="0.082" /><testcase classname="backend.tests.test_electrophysiology_api.TestComputeMetrics" name="test_compute_metrics_custom_filter_loose" time="0.085" /><testcase classname="backend.tests.test_electrophysiology_api.TestComputeMetrics" name="test_compute_metrics_too_few_beats" time="0.135" /><testcase classname="backend.tests.test_electrophysiology_api.TestHRVAnalysis" name="test_hrv_analysis_with_baseline_params" time="0.081" /><testcase classname="backend.tests.test_electrophysiology_api.TestHRVAnalysis" name="test_hrv_analysis_default_baseline" time="0.146" /><testcase classname="backend.tests.test_electrophysiology_api.TestHRVAnalysis" name="test_hrv_analysis_too_few_beats" time="0.123" /><testcase classname="backend.tests.test_electrophysiology_api.TestLightResponse" name="test_light_response_returns_new_metrics" time="0.081" /><testcase classname="backend.tests.test_electrophysiology_api.TestLightDetect" name="test_light_detect_basic" time="0.080" /><testcase classname="backend.tests.test_electrophysiology_api.TestLightDetect" name="test_light_detect_uniform_interval" time="0.093" /><testcase classname="backend.tests.test_electrophysiology_api.TestLightHRV" name="test_light_hrv_computation" time="0.085" /><testcase classname="backend.tests.test_electrophysiology_api.TestPerMinuteMetrics" name="test_per_minute_metrics" time="0.109" /><testcase classname="backend.tests.test_electrophysiology_api.TestExports" name="test_export_csv" time="0.069" /><testcase classname="backend.tests.test_electrophysiology_api.TestExports" name="test_export_xlsx" time="0.379" /><testcase classname="backend.tests.test_electrophysiology_api.TestExports" name="test_export_pdf" time="2.330" /><testcase classname="backend.tests.test_iteration7_features.TestAPIRoot" name="test_api_root" time="0.075" /><testcase classname="backend.tests.test_iteration7_features.TestExportPDFCellStyle" name="test_pdf_export_with_baseline" time="0.606" /><testcase classname="backend.tests.test_iteration7_features.TestExportPDFCellStyle" name="test_pdf_export_excludes_filtered_beats" time="0.506" /><testcase classname="backend.tests.test_iteration7_features.TestExportPDFCellStyle" name="test_pdf_export_with_light_metrics" time="0.469" /><testcase classname="backend.tests.test_iteration7_features.TestExportXLSXCellStyle" name="test_xlsx_export_with_drug_used" time="0.084" /><testcase classname="backend.tests.test_iteration7_features.TestExportXLSXCellStyle" name="test_xlsx_export_with_per_minute_data" time="0.090" /><testcase classname="backend.tests.test_iteration7_features.TestComputeMetricsFilterOutput" name="test_compute_metrics_returns_artifact_mask" time="0.102" /><testcase classname="backend.tests.test_iteration7_features.TestHRVBaseline" name="test_hrv_baseline_contains_all_metrics" time="0.092" /><testcase classname="backend.tests.test_iteration7_features.TestLightResponseMetrics" name="test_light_response_per_stim_fields" time="0.076" /><testcase classname="backend.tests.test_iteration7_features.TestLightDetectPulseGeneration" name="test_decreasing_intervals" time="0.093" /><testcase classname="backend.tests.test_iteration8_features.TestBaselineMetrics" name="test_baseline_hrv_uses_0_3_min_window" time="0.090" /><testcase classname="backend.tests.test_iteration8_features.TestBaselineMetrics" name="test_baseline_bf_uses_1_2_min_window" time="0.087" /><testcase classname="backend.tests.test_iteration8_features.TestBaselineMetrics" name="test_custom_baseline_windows_accepted" time="0.104" /><testcase classname="backend.tests.test_iteration8_features.TestPDFExportWithLightPulses" name="test_pdf_export_accepts_light_pulses_field" time="0.401" /><testcase classname="backend.tests.test_iteration8_features.TestPDFExportWithLightPulses" name="test_pdf_export_handles_empty_light_pulses" time="0.854" /><testcase classname="backend.tests.test_iteration8_features.TestXLSXExportWithLightPulses" name="test_xlsx_export_accepts_light_pulses_field" time="0.093" /><testcase classname="backend.tests.test_iteration8_features.TestPerMinuteTableAlignment" name="test_per_minute_bf_at_minute_1_matches_baseline" time="0.162" /><testcase classname="backend.tests.test_iteration8_features.TestHRVAnalysisWorkflow" name="test_hrv_returns_rolling_3min_windows" time="0.085" /><testcase classname="backend.tests.test_iteration8_features.TestHRVAnalysisWorkflow" name="test_compute_metrics_artifact_filter_uses_5_beat_window" time="0.082" /><testcase classname="backend.tests.test_iteration8_features.TestLightDetectAPI" name="test_light_detect_decreasing_intervals" time="0.098" /><testcase classname="backend.tests.test_iteration8_features.TestLightDetectAPI" name="test_light_pulses_have_min_sec_formats" time="0.077" /><testcase classname="backend.tests.test_iteration9_features.TestBaselineMinuteParams" name="test_hrv_analysis_default_hrv_minute_0" time="0.100" /><testcase classname="backend.tests.test_iteration9_features.TestBaselineMinuteParams" name="test_hrv_analysis_default_bf_minute_1" time="0.080" /><testcase classname="backend.tests.test_iteration9_features.TestBaselineMinuteParams" name="test_hrv_analysis_accepts_custom_minute_params" time="0.107" /><testcase classname="backend.tests.test_iteration9_features.TestLightHRVIsolatedNN70" name="test_light_hrv_returns_per_pulse_metrics" time="0.087" /><testcase classname="backend.tests.test_iteration9_features.TestLightHRVIsolatedNN70" name="test_light_hrv_returns_median_final_metrics" time="0.081" /><testcase classname="backend.tests.test_iteration9_features.TestLightHRVIsolatedNN70" name="test_light_hrv_returns_n_pulses_valid" time="0.081" /><testcase classname="backend.tests.test_iteration9_features.TestLightHRVAlgorithm" name="test_light_hrv_isolated_median_nn_calculation" time="0.089" /><testcase classname="backend.tests.test_iteration9_features.TestBackendAPIHealth" name="test_api_root_returns_message" time="0.080" /><testcase classname="backend.tests.test_iteration9_features.TestBackendAPIHealth" name="test_hrv_analysis_requires_minimum_beats" time="0.088" /><testcase classname="backend.tests.test_iteration9_features.TestBackendAPIHealth" name="test_compute_metrics_requires_minimum_beats" time="0.078" /><testcase classname="backend.tests.test_iteration9_features.TestDrugReadoutTimeCalculation" name="test_hrv_analysis_works_with_later_readout_minute" time="0.105" /><testcase classname="backend.tests.test_light_hrv_detrended.TestLightHRVDetrendedEndpoint" name="test_endpoint_exists" time="0.072" /><testcase classname="backend.tests.test_light_hrv_detrended.TestLightHRVDetrendedEndpoint" name="test_detrended_hrv_returns_200" time="1.802" /><testcase classname="backend.tests.test_light_hrv_detrended.TestLightHRVDetrendedEndpoint" name="test_detrended_hrv_response_structure" time="0.092" /><testcase classname="backend.tests.test_light_hrv_detrended.TestLightHRVDetrendedEndpoint" name="test_per_pulse_detrended_metrics" time="0.097" /><testcase classname="backend.tests.test_light_hrv_detrended.TestLightHRVDetrendedEndpoint" name="test_per_pulse_visualization_data" time="0.098" /><testcase classname="backend.tests.test_light_hrv_detrended.TestLightHRVDetrendedEndpoint" name="test_residual_is_nn70_minus_trend" time="0.089" /><testcase classname="backend.tests.test_light_hrv_detrended.TestLightHRVDetrendedEndpoint" name="test_final_metrics_structure" time="0.090" /><testcase classname="backend.tests.test_light_hrv_detrended.TestLightHRVDetrendedEndpoint" name="test_final_is_median_of_per_pulse" time="0.082" /><testcase classname="backend.tests.test_light_hrv_detrended.TestLightHRVDetrendedEndpoint" name="test_loess_frac_parameter_works" time="0.275" /><testcase classname="backend.tests.test_light_hrv_detrended.TestLightHRVDetrendedEndpoint" name="test_time_rel_in_seconds" time="0.078" /><testcase classname="backend.tests.test_light_hrv_detrended.TestLightHRVDetrendedComparedToNonDetrended" name="test_detrended_has_different_values" time="1.805" /><testcase classname="backend.tests.test_light_hrv_detrended.TestLoessSmoothFunction" name="test_loess_smooth_imported" time="0.095" /><testcase classname="backend.tests.test_light_stim_features.TestLightHRVAPI" name="test_light_hrv_endpoint_returns_ln_sdnn70_in_per_pulse" time="0.094" /><testcase classname="backend.tests.test_light_stim_features.TestLightHRVAPI" name="test_light_hrv_endpoint_returns_ln_sdnn70_in_final" time="0.095" /><testcase classname="backend.tests.test_light_stim_features.TestLightHRVAPI" name="test_light_hrv_per_pulse_has_all_five_hrv_columns" time="0.079" /><testcase classname="backend.tests.test_light_stim_features.TestLightResponseAPI" name="test_light_response_has_hra_metrics" time="0.093" /><testcase classname="backend.tests.test_light_stim_features.TestLightResponseAPI" name="test_light_response_per_stim_has_hra_fields" time="0.091" /><testcase classname="backend.tests.test_light_stim_features.TestLightResponseAPI" name="test_light_response_uses_shared_baseline" time="0.100" /><testcase classname="backend.tests.test_light_stim_features.TestLightDetectAPI" name="test_light_detect_generates_pulses" time="0.082" /><testcase classname="backend.tests.test_light_stim_features.TestAPIHealth" name="test_api_root" time="0.091" /></testsuite></testsuites>