<?xml version="1.0" encoding="utf-8"?><testsuites name="pytest tests"><testsuite name="pytest" errors="0" failures="4" skipped="0" tests="48" time="6.586" timestamp="2026-02-28T00:29:09.058825+00:00" hostname="agent-env-275adddc-4fe6-4a2d-a2ab-f45b1f6d64c1"><testcase classname="backend.tests.test_electrophysiology_api.TestAPIRoot" name="test_api_root_returns_message" time="0.104" /><testcase classname="backend.tests.test_electrophysiology_api.TestComputeMetrics" name="test_compute_metrics_default_filter" time="0.074" /><testcase classname="backend.tests.test_electrophysiology_api.TestComputeMetrics" name="test_compute_metrics_custom_filter_strict" time="0.097" /><testcase classname="backend.tests.test_electrophysiology_api.TestComputeMetrics" name="test_compute_metrics_custom_filter_loose" time="0.107" /><testcase classname="backend.tests.test_electrophysiology_api.TestComputeMetrics" name="test_compute_metrics_too_few_beats" time="0.074" /><testcase classname="backend.tests.test_electrophysiology_api.TestHRVAnalysis" name="test_hrv_analysis_with_baseline_params" time="0.079"><failure message="AssertionError: assert 'baseline_bf_range' in {'baseline_bf': 120.0, 'baseline_bf_minute': 1, 'baseline_hrv_minute': 0, 'baseline_hrv_window': '0-3min', ...}">backend/tests/test_electrophysiology_api.py:121: in test_hrv_analysis_with_baseline_params
    assert "baseline_bf_range" in baseline
E   AssertionError: assert 'baseline_bf_range' in {'baseline_bf': 120.0, 'baseline_bf_minute': 1, 'baseline_hrv_minute': 0, 'baseline_hrv_window': '0-3min', ...}</failure></testcase><testcase classname="backend.tests.test_electrophysiology_api.TestHRVAnalysis" name="test_hrv_analysis_default_baseline" time="0.122" /><testcase classname="backend.tests.test_electrophysiology_api.TestHRVAnalysis" name="test_hrv_analysis_too_few_beats" time="0.300" /><testcase classname="backend.tests.test_electrophysiology_api.TestLightResponse" name="test_light_response_returns_new_metrics" time="0.098" /><testcase classname="backend.tests.test_electrophysiology_api.TestLightDetect" name="test_light_detect_basic" time="0.079" /><testcase classname="backend.tests.test_electrophysiology_api.TestLightDetect" name="test_light_detect_uniform_interval" time="0.098" /><testcase classname="backend.tests.test_electrophysiology_api.TestLightHRV" name="test_light_hrv_computation" time="0.088" /><testcase classname="backend.tests.test_electrophysiology_api.TestPerMinuteMetrics" name="test_per_minute_metrics" time="0.078" /><testcase classname="backend.tests.test_electrophysiology_api.TestExports" name="test_export_csv" time="0.080" /><testcase classname="backend.tests.test_electrophysiology_api.TestExports" name="test_export_xlsx" time="0.135" /><testcase classname="backend.tests.test_electrophysiology_api.TestExports" name="test_export_pdf" time="0.594" /><testcase classname="backend.tests.test_iteration7_features.TestAPIRoot" name="test_api_root" time="0.077" /><testcase classname="backend.tests.test_iteration7_features.TestExportPDFCellStyle" name="test_pdf_export_with_baseline" time="0.500" /><testcase classname="backend.tests.test_iteration7_features.TestExportPDFCellStyle" name="test_pdf_export_excludes_filtered_beats" time="0.339" /><testcase classname="backend.tests.test_iteration7_features.TestExportPDFCellStyle" name="test_pdf_export_with_light_metrics" time="0.325" /><testcase classname="backend.tests.test_iteration7_features.TestExportXLSXCellStyle" name="test_xlsx_export_with_drug_used" time="0.085" /><testcase classname="backend.tests.test_iteration7_features.TestExportXLSXCellStyle" name="test_xlsx_export_with_per_minute_data" time="0.102" /><testcase classname="backend.tests.test_iteration7_features.TestComputeMetricsFilterOutput" name="test_compute_metrics_returns_artifact_mask" time="0.074" /><testcase classname="backend.tests.test_iteration7_features.TestHRVBaseline" name="test_hrv_baseline_contains_all_metrics" time="0.077"><failure message="AssertionError: Missing baseline field: baseline_bf_range&#10;assert 'baseline_bf_range' in {'baseline_bf': 120.0, 'baseline_bf_minute': 1, 'baseline_hrv_minute': 0, 'baseline_hrv_window': '0-3min', ...}">backend/tests/test_iteration7_features.py:196: in test_hrv_baseline_contains_all_metrics
    assert field in baseline, f"Missing baseline field: {field}"
E   AssertionError: Missing baseline field: baseline_bf_range
E   assert 'baseline_bf_range' in {'baseline_bf': 120.0, 'baseline_bf_minute': 1, 'baseline_hrv_minute': 0, 'baseline_hrv_window': '0-3min', ...}</failure></testcase><testcase classname="backend.tests.test_iteration7_features.TestLightResponseMetrics" name="test_light_response_per_stim_fields" time="0.082" /><testcase classname="backend.tests.test_iteration7_features.TestLightDetectPulseGeneration" name="test_decreasing_intervals" time="0.087" /><testcase classname="backend.tests.test_iteration8_features.TestBaselineMetrics" name="test_baseline_hrv_uses_0_3_min_window" time="0.075"><failure message="AssertionError: Expected HRV range 0-3 min, got ''&#10;assert ('0' in '')">backend/tests/test_iteration8_features.py:38: in test_baseline_hrv_uses_0_3_min_window
    assert "0" in hrv_range and "3" in hrv_range and "min" in hrv_range, \
E   AssertionError: Expected HRV range 0-3 min, got ''
E   assert ('0' in '')</failure></testcase><testcase classname="backend.tests.test_iteration8_features.TestBaselineMetrics" name="test_baseline_bf_uses_1_2_min_window" time="0.074" /><testcase classname="backend.tests.test_iteration8_features.TestBaselineMetrics" name="test_custom_baseline_windows_accepted" time="0.090"><failure message="AssertionError: Expected custom HRV range 2-5 min, got ''&#10;assert ('2' in '')">backend/tests/test_iteration8_features.py:92: in test_custom_baseline_windows_accepted
    assert "2" in hrv_range and "5" in hrv_range and "min" in hrv_range, \
E   AssertionError: Expected custom HRV range 2-5 min, got ''
E   assert ('2' in '')</failure></testcase><testcase classname="backend.tests.test_iteration8_features.TestPDFExportWithLightPulses" name="test_pdf_export_accepts_light_pulses_field" time="0.303" /><testcase classname="backend.tests.test_iteration8_features.TestPDFExportWithLightPulses" name="test_pdf_export_handles_empty_light_pulses" time="0.524" /><testcase classname="backend.tests.test_iteration8_features.TestXLSXExportWithLightPulses" name="test_xlsx_export_accepts_light_pulses_field" time="0.115" /><testcase classname="backend.tests.test_iteration8_features.TestPerMinuteTableAlignment" name="test_per_minute_bf_at_minute_1_matches_baseline" time="0.163" /><testcase classname="backend.tests.test_iteration8_features.TestHRVAnalysisWorkflow" name="test_hrv_returns_rolling_3min_windows" time="0.088" /><testcase classname="backend.tests.test_iteration8_features.TestHRVAnalysisWorkflow" name="test_compute_metrics_artifact_filter_uses_5_beat_window" time="0.078" /><testcase classname="backend.tests.test_iteration8_features.TestLightDetectAPI" name="test_light_detect_decreasing_intervals" time="0.084" /><testcase classname="backend.tests.test_iteration8_features.TestLightDetectAPI" name="test_light_pulses_have_min_sec_formats" time="0.069" /><testcase classname="backend.tests.test_iteration9_features.TestBaselineMinuteParams" name="test_hrv_analysis_default_hrv_minute_0" time="0.078" /><testcase classname="backend.tests.test_iteration9_features.TestBaselineMinuteParams" name="test_hrv_analysis_default_bf_minute_1" time="0.081" /><testcase classname="backend.tests.test_iteration9_features.TestBaselineMinuteParams" name="test_hrv_analysis_accepts_custom_minute_params" time="0.081" /><testcase classname="backend.tests.test_iteration9_features.TestLightHRVIsolatedNN70" name="test_light_hrv_returns_per_pulse_metrics" time="0.085" /><testcase classname="backend.tests.test_iteration9_features.TestLightHRVIsolatedNN70" name="test_light_hrv_returns_median_final_metrics" time="0.083" /><testcase classname="backend.tests.test_iteration9_features.TestLightHRVIsolatedNN70" name="test_light_hrv_returns_n_pulses_valid" time="0.068" /><testcase classname="backend.tests.test_iteration9_features.TestLightHRVAlgorithm" name="test_light_hrv_isolated_median_nn_calculation" time="0.074" /><testcase classname="backend.tests.test_iteration9_features.TestBackendAPIHealth" name="test_api_root_returns_message" time="0.073" /><testcase classname="backend.tests.test_iteration9_features.TestBackendAPIHealth" name="test_hrv_analysis_requires_minimum_beats" time="0.072" /><testcase classname="backend.tests.test_iteration9_features.TestBackendAPIHealth" name="test_compute_metrics_requires_minimum_beats" time="0.083" /><testcase classname="backend.tests.test_iteration9_features.TestDrugReadoutTimeCalculation" name="test_hrv_analysis_works_with_later_readout_minute" time="0.080" /></testsuite></testsuites>