<?xml version="1.0" encoding="utf-8"?><testsuites name="pytest tests"><testsuite name="pytest" errors="0" failures="0" skipped="0" tests="10" time="2.513" timestamp="2026-02-27T23:24:57.319674+00:00" hostname="agent-env-275adddc-4fe6-4a2d-a2ab-f45b1f6d64c1"><testcase classname="backend.tests.test_iteration7_features.TestAPIRoot" name="test_api_root" time="0.287" /><testcase classname="backend.tests.test_iteration7_features.TestExportPDFCellStyle" name="test_pdf_export_with_baseline" time="0.836" /><testcase classname="backend.tests.test_iteration7_features.TestExportPDFCellStyle" name="test_pdf_export_excludes_filtered_beats" time="0.326" /><testcase classname="backend.tests.test_iteration7_features.TestExportPDFCellStyle" name="test_pdf_export_with_light_metrics" time="0.326" /><testcase classname="backend.tests.test_iteration7_features.TestExportXLSXCellStyle" name="test_xlsx_export_with_drug_used" time="0.203" /><testcase classname="backend.tests.test_iteration7_features.TestExportXLSXCellStyle" name="test_xlsx_export_with_per_minute_data" time="0.091" /><testcase classname="backend.tests.test_iteration7_features.TestComputeMetricsFilterOutput" name="test_compute_metrics_returns_artifact_mask" time="0.096" /><testcase classname="backend.tests.test_iteration7_features.TestHRVBaseline" name="test_hrv_baseline_contains_all_metrics" time="0.088" /><testcase classname="backend.tests.test_iteration7_features.TestLightResponseMetrics" name="test_light_response_per_stim_fields" time="0.103" /><testcase classname="backend.tests.test_iteration7_features.TestLightDetectPulseGeneration" name="test_decreasing_intervals" time="0.090" /></testsuite></testsuites>