<?xml version="1.0" encoding="utf-8"?><testsuites name="pytest tests"><testsuite name="pytest" errors="0" failures="0" skipped="0" tests="16" time="4.056" timestamp="2026-02-27T22:52:11.446388+00:00" hostname="agent-env-275adddc-4fe6-4a2d-a2ab-f45b1f6d64c1"><testcase classname="backend.tests.test_electrophysiology_api.TestAPIRoot" name="test_api_root_returns_message" time="0.178" /><testcase classname="backend.tests.test_electrophysiology_api.TestComputeMetrics" name="test_compute_metrics_default_filter" time="0.102" /><testcase classname="backend.tests.test_electrophysiology_api.TestComputeMetrics" name="test_compute_metrics_custom_filter_strict" time="0.118" /><testcase classname="backend.tests.test_electrophysiology_api.TestComputeMetrics" name="test_compute_metrics_custom_filter_loose" time="0.102" /><testcase classname="backend.tests.test_electrophysiology_api.TestComputeMetrics" name="test_compute_metrics_too_few_beats" time="0.081" /><testcase classname="backend.tests.test_electrophysiology_api.TestHRVAnalysis" name="test_hrv_analysis_with_baseline_params" time="0.112" /><testcase classname="backend.tests.test_electrophysiology_api.TestHRVAnalysis" name="test_hrv_analysis_default_baseline" time="0.085" /><testcase classname="backend.tests.test_electrophysiology_api.TestHRVAnalysis" name="test_hrv_analysis_too_few_beats" time="0.074" /><testcase classname="backend.tests.test_electrophysiology_api.TestLightResponse" name="test_light_response_returns_new_metrics" time="0.120" /><testcase classname="backend.tests.test_electrophysiology_api.TestLightDetect" name="test_light_detect_basic" time="0.098" /><testcase classname="backend.tests.test_electrophysiology_api.TestLightDetect" name="test_light_detect_uniform_interval" time="0.089" /><testcase classname="backend.tests.test_electrophysiology_api.TestLightHRV" name="test_light_hrv_computation" time="0.078" /><testcase classname="backend.tests.test_electrophysiology_api.TestPerMinuteMetrics" name="test_per_minute_metrics" time="0.092" /><testcase classname="backend.tests.test_electrophysiology_api.TestExports" name="test_export_csv" time="0.099" /><testcase classname="backend.tests.test_electrophysiology_api.TestExports" name="test_export_xlsx" time="0.414" /><testcase classname="backend.tests.test_electrophysiology_api.TestExports" name="test_export_pdf" time="2.038" /></testsuite></testsuites>