<?xml version="1.0" encoding="utf-8"?><testsuites name="pytest tests"><testsuite name="pytest" errors="0" failures="0" skipped="0" tests="29" time="6.303" timestamp="2026-03-06T18:18:35.201691+00:00" hostname="agent-env-275adddc-4fe6-4a2d-a2ab-f45b1f6d64c1"><testcase classname="tests.test_excel_csv_per_drug_colors.TestExcelDrugFillsDefinition" name="test_drug_fills_array_has_four_entries" time="0.581" /><testcase classname="tests.test_excel_csv_per_drug_colors.TestExcelDrugFillsDefinition" name="test_excel_export_with_five_drugs_color_wraparound" time="0.272" /><testcase classname="tests.test_excel_csv_per_drug_colors.TestExcelExportTwoDrugs" name="test_excel_export_accepts_two_drug_request" time="0.232" /><testcase classname="tests.test_excel_csv_per_drug_colors.TestExcelExportTwoDrugs" name="test_excel_export_returns_valid_xlsx" time="0.240" /><testcase classname="tests.test_excel_csv_per_drug_colors.TestExcelDrugPerfusionSection" name="test_drug_perfusion_with_two_drugs" time="0.229" /><testcase classname="tests.test_excel_csv_per_drug_colors.TestExcelDrugPerfusionSection" name="test_drug_perfusion_with_four_drugs_all_colors" time="0.244" /><testcase classname="tests.test_excel_csv_per_drug_colors.TestExcelDrugReadoutSection" name="test_drug_readout_with_two_drugs" time="0.264" /><testcase classname="tests.test_excel_csv_per_drug_colors.TestExcelDrugReadoutSection" name="test_drug_readout_uses_per_drug_settings" time="0.225" /><testcase classname="tests.test_excel_csv_per_drug_colors.TestExcelDrugReadoutSection" name="test_drug_readout_disabled_drug_not_shown" time="0.235" /><testcase classname="tests.test_excel_csv_per_drug_colors.TestCsvExportTwoDrugs" name="test_csv_export_accepts_two_drug_request" time="0.156" /><testcase classname="tests.test_excel_csv_per_drug_colors.TestCsvExportTwoDrugs" name="test_csv_export_returns_valid_csv" time="0.164" /><testcase classname="tests.test_excel_csv_per_drug_colors.TestCsvDrugReadoutSection" name="test_csv_has_drug_readout_header" time="0.166" /><testcase classname="tests.test_excel_csv_per_drug_colors.TestCsvDrugReadoutSection" name="test_csv_has_tetrodotoxin_drug_row" time="0.158" /><testcase classname="tests.test_excel_csv_per_drug_colors.TestCsvDrugReadoutSection" name="test_csv_has_acetylcholine_drug_row" time="0.160" /><testcase classname="tests.test_excel_csv_per_drug_colors.TestCsvDrugReadoutSection" name="test_csv_drug_readout_has_both_drugs" time="0.154" /><testcase classname="tests.test_excel_csv_per_drug_colors.TestCsvDrugReadoutSection" name="test_csv_drug_readout_has_metrics_for_each_drug" time="0.148" /><testcase classname="tests.test_excel_csv_per_drug_colors.TestCsvPerDrugSettings" name="test_csv_uses_per_drug_bf_minute" time="0.167" /><testcase classname="tests.test_excel_csv_per_drug_colors.TestCsvPerDrugSettings" name="test_csv_uses_per_drug_hrv_minute" time="0.158" /><testcase classname="tests.test_excel_csv_per_drug_colors.TestCsvPerDrugSettings" name="test_csv_disabled_drug_not_in_readout" time="0.157" /><testcase classname="tests.test_excel_csv_per_drug_colors.TestCsvFourDrugs" name="test_csv_with_four_drugs" time="0.167" /><testcase classname="tests.test_excel_csv_per_drug_colors.TestCsvFourDrugs" name="test_csv_with_five_drugs" time="0.169" /><testcase classname="tests.test_excel_csv_per_drug_colors.TestExportEdgeCases" name="test_excel_single_drug" time="0.228" /><testcase classname="tests.test_excel_csv_per_drug_colors.TestExportEdgeCases" name="test_csv_single_drug" time="0.182" /><testcase classname="tests.test_excel_csv_per_drug_colors.TestExportEdgeCases" name="test_excel_no_drugs" time="0.226" /><testcase classname="tests.test_excel_csv_per_drug_colors.TestExportEdgeCases" name="test_csv_no_drugs" time="0.194" /><testcase classname="tests.test_excel_csv_per_drug_colors.TestExportEdgeCases" name="test_excel_drug_readout_disabled" time="0.235" /><testcase classname="tests.test_excel_csv_per_drug_colors.TestExportEdgeCases" name="test_csv_drug_readout_disabled" time="0.161" /><testcase classname="tests.test_excel_csv_per_drug_colors.TestExportConsistency" name="test_both_exports_succeed_with_same_data" time="0.388" /><testcase classname="tests.test_excel_csv_per_drug_colors.TestExportConsistency" name="test_csv_drug_count_matches_request" time="0.152" /></testsuite></testsuites>