<?xml version="1.0" encoding="utf-8"?><testsuites name="pytest tests"><testsuite name="pytest" errors="0" failures="0" skipped="0" tests="11" time="1.252" timestamp="2026-03-06T18:37:23.393213+00:00" hostname="agent-env-275adddc-4fe6-4a2d-a2ab-f45b1f6d64c1"><testcase classname="backend.tests.test_fusion_upload.TestFuseEndpointExists" name="test_fuse_endpoint_exists_options" time="0.126" /><testcase classname="backend.tests.test_fusion_upload.TestFuseEndpointExists" name="test_fuse_endpoint_post_without_files_returns_422" time="0.089" /><testcase classname="backend.tests.test_fusion_upload.TestFuseMaxFilesLimit" name="test_fuse_rejects_more_than_5_files" time="0.104" /><testcase classname="backend.tests.test_fusion_upload.TestFuseMaxFilesLimit" name="test_fuse_accepts_5_files" time="0.110" /><testcase classname="backend.tests.test_fusion_upload.TestFuseNonAbfRejection" name="test_fuse_rejects_txt_file" time="0.090" /><testcase classname="backend.tests.test_fusion_upload.TestFuseNonAbfRejection" name="test_fuse_rejects_csv_file" time="0.080" /><testcase classname="backend.tests.test_fusion_upload.TestFuseNonAbfRejection" name="test_fuse_rejects_mixed_files" time="0.129" /><testcase classname="backend.tests.test_fusion_upload.TestFuseResponseStructure" name="test_fuse_single_file_response_structure" time="0.120" /><testcase classname="backend.tests.test_fusion_upload.TestFuseEndpointIntegration" name="test_fuse_endpoint_accepts_empty_abf_extension" time="0.134" /><testcase classname="backend.tests.test_fusion_upload.TestFuseEndpointIntegration" name="test_fuse_multiple_abf_files_validation" time="0.117" /><testcase classname="backend.tests.test_fusion_upload.TestRegularUploadComparison" name="test_regular_upload_rejects_non_abf" time="0.096" /></testsuite></testsuites>