<?xml version="1.0" encoding="utf-8"?><testsuites name="pytest tests"><testsuite name="pytest" errors="0" failures="0" skipped="0" tests="4" time="0.598" timestamp="2026-03-06T21:48:30.936253+00:00" hostname="agent-env-275adddc-4fe6-4a2d-a2ab-f45b1f6d64c1"><testcase classname="tests.test_bug_fixes_iter20.TestDecimalMinuteCodeReview" name="test_code_fix_exists_in_analysis" time="0.001" /><testcase classname="tests.test_bug_fixes_iter20.TestComparisonMetadata" name="test_comparison_returns_per_drug_metrics" time="0.372" /><testcase classname="tests.test_bug_fixes_iter20.TestComparisonMetadata" name="test_propranolol_folder_comparison" time="0.094" /><testcase classname="tests.test_bug_fixes_iter20.TestAPIHealth" name="test_api_root" time="0.077" /></testsuite></testsuites>